#
# A fatal error has been detected by the Java Runtime Environment:
#
#  EXCEPTION_ACCESS_VIOLATION (0xc0000005) at pc=0x00007ff9c2d76ac1, pid=25092, tid=0x00000000000057d4
#
# JRE version: Java(TM) SE Runtime Environment (8.0_271-b09) (build 1.8.0_271-b09)
# Java VM: Java HotSpot(TM) 64-Bit Server VM (25.271-b09 mixed mode windows-amd64 compressed oops)
# Problematic frame:
# C  [dpDevCtlx64.dll+0x16ac1]
#
# Failed to write core dump. Minidumps are not enabled by default on client versions of Windows
#
# If you would like to submit a bug report, please visit:
#   http://bugreport.java.com/bugreport/crash.jsp
#

---------------  T H R E A D  ---------------

Current thread (0x00000191ce364800):  VMThread [stack: 0x0000000198000000,0x0000000198100000] [id=22484]

siginfo: ExceptionCode=0xc0000005, writing address 0x0000000000000008

Registers:
RAX=0x0000000000000000, RBX=0x00000191d01ff1d0, RCX=0x00000191d022bcc0, RDX=0x00000001980fef60
RSP=0x00000001980fee80, RBP=0x00000191d01ff1e8, RSI=0x00000001980ff120, RDI=0x00000191d01ff1d0
R8 =0x00000191d022bd00, R9 =0x0000000000000000, R10=0x00000191a9f50000, R11=0x0000000000000246
R12=0x0000000000000001, R13=0x00007ff9c2d61118, R14=0x0000dd5fc5360c62, R15=0x00000191d01ff1d0
RIP=0x00007ff9c2d76ac1, EFLAGS=0x0000000000010202

Top of Stack: (sp=0x00000001980fee80)
0x00000001980fee80:   0000000000000000 0000000000000000
0x00000001980fee90:   00000191d01ff1d0 0000dd5fc5360c62
0x00000001980feea0:   00007ff9c2d61118 00007ff9c2e12550
0x00000001980feeb0:   00000191d01ff1d0 00000001980ff120
0x00000001980feec0:   00000191d01ff1d0 0000000000000000
0x00000001980feed0:   00000191aa020000 0000000000000000
0x00000001980feee0:   00000191aa089bb0 00000001980ff120
0x00000001980feef0:   00000191d01ff1d0 00007ff9c2d75d2f
0x00000001980fef00:   00007ff9c2e12550 00000001980fef60
0x00000001980fef10:   00000191d022bd00 00007ff9d09831a9
0x00000001980fef20:   0000000000000500 00000191d022bd00
0x00000001980fef30:   00000191d022bd00 00000191d022bd10
0x00000001980fef40:   00000191d022bd10 00000191aa089bb0
0x00000001980fef50:   00000191d022bd00 00007ff9c2e12550
0x00000001980fef60:   0000000000002710 00000001980ff120
0x00000001980fef70:   0000000000000000 00007ff9c2d76048 

Instructions: (pc=0x00007ff9c2d76ac1)
0x00007ff9c2d76aa1:   00 00 00 48 8b 09 48 89 08 48 8b 84 24 90 00 00
0x00007ff9c2d76ab1:   00 48 8b 00 48 8b 8c 24 90 00 00 00 48 8b 49 08
0x00007ff9c2d76ac1:   48 89 48 08 48 8b 44 24 28 48 8b 40 08 48 ff c8
0x00007ff9c2d76ad1:   48 8b 4c 24 28 48 89 41 08 48 8b 84 24 90 00 00 


Register to memory mapping:

RAX=0x0000000000000000 is an unknown value
RBX=0x00000191d01ff1d0 is an unknown value
RCX=0x00000191d022bcc0 is an unknown value
RDX=0x00000001980fef60 is an unknown value
RSP=0x00000001980fee80 is an unknown value
RBP=0x00000191d01ff1e8 is an unknown value
RSI=0x00000001980ff120 is an unknown value
RDI=0x00000191d01ff1d0 is an unknown value
R8 =0x00000191d022bd00 is an unknown value
R9 =0x0000000000000000 is an unknown value
R10=0x00000191a9f50000 is an unknown value
R11=0x0000000000000246 is an unknown value
R12=0x0000000000000001 is an unknown value
R13=0x00007ff9c2d61118 is an unknown value
R14=0x0000dd5fc5360c62 is an unknown value
R15=0x00000191d01ff1d0 is an unknown value


Stack: [0x0000000198000000,0x0000000198100000],  sp=0x00000001980fee80,  free space=1019k
Native frames: (J=compiled Java code, j=interpreted, Vv=VM code, C=native code)
C  [dpDevCtlx64.dll+0x16ac1]
C  [dpDevCtlx64.dll+0x15d2f]
C  [dpDevCtlx64.dll+0x16048]
C  [dpDevCtlx64.dll+0x14e22]
C  [dpDevCtlx64.dll+0x12d0c]
C  [dpDevCtlx64.dll+0x949b0]
C  [dpDevCtlx64.dll+0x63c25]
C  [dpDevCtlx64.dll+0x63799]
C  [dpDevCtlx64.dll+0x63d8d]
C  [dpDevCtlx64.dll+0x6160d]
C  [dpDevCtlx64.dll+0x61481]
C  [dpDevCtlx64.dll+0x617a7]
C  [dpDevCtlx64.dll+0x1d82b]
C  [dpDevCtlx64.dll+0x1df0d]
C  [dpDevCtlx64.dll+0x1e056]
C  [ntdll.dll+0x160ede]
C  [ntdll.dll+0x7483e]
C  [ntdll.dll+0xfdfff]
C  [ntdll.dll+0x8ede]
C  [KERNEL32.DLL+0x418ab]
C  [ucrtbase.dll+0xa0093]
V  [jvm.dll+0x21b365]
V  [jvm.dll+0x255ff6]
V  [jvm.dll+0x256557]
V  [jvm.dll+0x254cc5]
V  [jvm.dll+0x25543c]
V  [jvm.dll+0x25574c]
V  [jvm.dll+0x2a2dcc]
C  [ucrtbase.dll+0x37b0]
C  [KERNEL32.DLL+0x2e8d7]
C  [ntdll.dll+0x8d9c]

VM_Operation (0x00000001977fee60): Exit, mode: safepoint, requested by thread 0x00000191aa057800


---------------  P R O C E S S  ---------------

Java Threads: ( => current thread )
  0x00000191ce43e800 JavaThread "Service Thread" daemon [_thread_blocked, id=10396, stack(0x0000000198900000,0x0000000198a00000)]
  0x00000191ce3dc000 JavaThread "C1 CompilerThread3" daemon [_thread_blocked, id=22392, stack(0x0000000198800000,0x0000000198900000)]
  0x00000191ce3cb800 JavaThread "C2 CompilerThread2" daemon [_thread_blocked, id=2608, stack(0x0000000198700000,0x0000000198800000)]
  0x00000191ce3c6800 JavaThread "C2 CompilerThread1" daemon [_thread_blocked, id=22968, stack(0x0000000198600000,0x0000000198700000)]
  0x00000191ce3c5000 JavaThread "C2 CompilerThread0" daemon [_thread_blocked, id=4004, stack(0x0000000198500000,0x0000000198600000)]
  0x00000191ce3c3800 JavaThread "Attach Listener" daemon [_thread_blocked, id=22360, stack(0x0000000198400000,0x0000000198500000)]
  0x00000191ce3c2800 JavaThread "Signal Dispatcher" daemon [_thread_blocked, id=19832, stack(0x0000000198300000,0x0000000198400000)]
  0x00000191ce39b800 JavaThread "Finalizer" daemon [_thread_blocked, id=24756, stack(0x0000000198200000,0x0000000198300000)]
  0x00000191ce38d000 JavaThread "Reference Handler" daemon [_thread_blocked, id=24244, stack(0x0000000198100000,0x0000000198200000)]
  0x00000191aa057800 JavaThread "main" [_thread_blocked, id=9280, stack(0x0000000197700000,0x0000000197800000)]

Other Threads:
=>0x00000191ce364800 VMThread [stack: 0x0000000198000000,0x0000000198100000] [id=22484]

VM state:at safepoint (shutting down)

VM Mutex/Monitor currently owned by a thread:  ([mutex/lock_event])
[0x00000191aa055340] Threads_lock - owner thread: 0x00000191ce364800

heap address: 0x00000005c2600000, size: 8154 MB, Compressed Oops mode: Zero based, Oop shift amount: 3
Narrow klass base: 0x0000000000000000, Narrow klass shift: 3
Compressed class space size: 1073741824 Address: 0x00000007c0000000

Heap:
 PSYoungGen      total 152576K, used 5242K [0x0000000716200000, 0x0000000720c00000, 0x00000007c0000000)
  eden space 131072K, 4% used [0x0000000716200000,0x000000071671eba8,0x000000071e200000)
  from space 21504K, 0% used [0x000000071f700000,0x000000071f700000,0x0000000720c00000)
  to   space 21504K, 0% used [0x000000071e200000,0x000000071e200000,0x000000071f700000)
 ParOldGen       total 348160K, used 0K [0x00000005c2600000, 0x00000005d7a00000, 0x0000000716200000)
  object space 348160K, 0% used [0x00000005c2600000,0x00000005c2600000,0x00000005d7a00000)
 Metaspace       used 2838K, capacity 4600K, committed 4864K, reserved 1056768K
  class space    used 313K, capacity 424K, committed 512K, reserved 1048576K

Card table byte_map: [0x00000191bae40000,0x00000191bbe30000] byte_map_base: 0x00000191b802d000

Marking Bits: (ParMarkBitMap*) 0x0000000052497fe0
 Begin Bits: [0x00000191bc8d0000, 0x00000191c4838000)
 End Bits:   [0x00000191c4838000, 0x00000191cc7a0000)

Polling page: 0x00000191aa240000

CodeCache: size=245760Kb used=1133Kb max_used=1133Kb free=244626Kb
 bounds [0x00000191aba80000, 0x00000191abcf0000, 0x00000191baa80000]
 total_blobs=279 nmethods=40 adapters=152
 compilation: enabled

Compilation events (10 events):
Event: 0.346 Thread 0x00000191ce3dc000 nmethod 36 0x00000191abb99c90 code [0x00000191abb99e60, 0x00000191abb9a360]
Event: 0.346 Thread 0x00000191ce3dc000   37       3       java.util.HashMap::hash (20 bytes)
Event: 0.346 Thread 0x00000191ce3dc000 nmethod 37 0x00000191abb9a5d0 code [0x00000191abb9a740, 0x00000191abb9a990]
Event: 0.346 Thread 0x00000191ce3dc000   38       1       java.net.URL::getProtocol (5 bytes)
Event: 0.346 Thread 0x00000191ce3dc000 nmethod 38 0x00000191abb9aa50 code [0x00000191abb9aba0, 0x00000191abb9acb8]
Event: 0.348 Thread 0x00000191ce3dc000   39       1       java.lang.String::length (6 bytes)
Event: 0.348 Thread 0x00000191ce3dc000 nmethod 39 0x00000191abb9b490 code [0x00000191abb9b5e0, 0x00000191abb9b6f8]
Event: 0.348 Thread 0x00000191ce3dc000   40       1       java.net.URL::getPath (5 bytes)
Event: 0.348 Thread 0x00000191ce3dc000 nmethod 40 0x00000191abb9b790 code [0x00000191abb9b8e0, 0x00000191abb9b9f8]
Event: 0.352 Thread 0x00000191ce3dc000   42  s!   3       sun.misc.URLClassPath::getLoader (243 bytes)

GC Heap History (0 events):
No events

Deoptimization events (0 events):
No events

Classes redefined (0 events):
No events

Internal exceptions (2 events):
Event: 0.022 Thread 0x00000191aa057800 Exception <a 'java/lang/NoSuchMethodError': Method sun.misc.Unsafe.defineClass(Ljava/lang/String;[BII)Ljava/lang/Class; name or signature does not match> (0x0000000716207cc0) thrown at [C:\jenkins\workspace\8-2-build-windows-amd64-cygwin\jdk8u271\605\hots
Event: 0.023 Thread 0x00000191aa057800 Exception <a 'java/lang/NoSuchMethodError': Method sun.misc.Unsafe.prefetchRead(Ljava/lang/Object;J)V name or signature does not match> (0x0000000716207fa8) thrown at [C:\jenkins\workspace\8-2-build-windows-amd64-cygwin\jdk8u271\605\hotspot\src\share\vm\p

Events (10 events):
Event: 0.348 loading class com/digitalpersona/uareu/Reader$VersionInfo done
Event: 0.351 loading class com/digitalpersona/uareu/dpfpdd/ReaderCollectionImpl$ReaderImpl
Event: 0.351 loading class com/digitalpersona/uareu/dpfpdd/ReaderCollectionImpl$ReaderImpl done
Event: 0.352 loading class com/digitalpersona/uareu/Reader
Event: 0.352 loading class com/digitalpersona/uareu/Reader done
Event: 0.352 loading class java/lang/Shutdown
Event: 0.352 loading class java/lang/Shutdown done
Event: 0.352 loading class java/lang/Shutdown$Lock
Event: 0.352 loading class java/lang/Shutdown$Lock done
Event: 0.352 Executing VM operation: Exit


Dynamic libraries:
0x00007ff7c9d10000 - 0x00007ff7c9d57000 	C:\Program Files\Java\jdk1.8.0_271\bin\java.exe
0x00007ff9d35e0000 - 0x00007ff9d3849000 	C:\WINDOWS\SYSTEM32\ntdll.dll
0x00007ff9d2c60000 - 0x00007ff9d2d29000 	C:\WINDOWS\System32\KERNEL32.DLL
0x00007ff9d0960000 - 0x00007ff9d0d53000 	C:\WINDOWS\System32\KERNELBASE.dll
0x00007ff9d29e0000 - 0x00007ff9d2a94000 	C:\WINDOWS\System32\ADVAPI32.dll
0x00007ff9d1df0000 - 0x00007ff9d1e99000 	C:\WINDOWS\System32\msvcrt.dll
0x00007ff9d2d60000 - 0x00007ff9d2e06000 	C:\WINDOWS\System32\sechost.dll
0x00007ff9d2840000 - 0x00007ff9d2958000 	C:\WINDOWS\System32\RPCRT4.dll
0x00007ff9d2670000 - 0x00007ff9d2834000 	C:\WINDOWS\System32\USER32.dll
0x00007ff9d0740000 - 0x00007ff9d0767000 	C:\WINDOWS\System32\win32u.dll
0x00007ff9d2d30000 - 0x00007ff9d2d5b000 	C:\WINDOWS\System32\GDI32.dll
0x00007ff9d0770000 - 0x00007ff9d089d000 	C:\WINDOWS\System32\gdi32full.dll
0x00007ff9d0ee0000 - 0x00007ff9d0f83000 	C:\WINDOWS\System32\msvcp_win.dll
0x00007ff9d11a0000 - 0x00007ff9d12eb000 	C:\WINDOWS\System32\ucrtbase.dll
0x00007ff9bcf50000 - 0x00007ff9bd1e3000 	C:\WINDOWS\WinSxS\amd64_microsoft.windows.common-controls_6595b64144ccf1df_6.0.26100.5074_none_3e0d6f78e32fd63f\COMCTL32.dll
0x00007ff9d3100000 - 0x00007ff9d312f000 	C:\WINDOWS\System32\IMM32.DLL
0x00007ff9bf640000 - 0x00007ff9bf655000 	C:\Program Files\Java\jdk1.8.0_271\jre\bin\vcruntime140.dll
0x00007ff91eed0000 - 0x00007ff91ef6b000 	C:\Program Files\Java\jdk1.8.0_271\jre\bin\msvcp140.dll
0x0000000051ca0000 - 0x000000005250f000 	C:\Program Files\Java\jdk1.8.0_271\jre\bin\server\jvm.dll
0x00007ff9d2ab0000 - 0x00007ff9d2ab8000 	C:\WINDOWS\System32\PSAPI.DLL
0x00007ff9bf7b0000 - 0x00007ff9bf7ba000 	C:\WINDOWS\SYSTEM32\WSOCK32.dll
0x00007ff9caa40000 - 0x00007ff9caa4b000 	C:\WINDOWS\SYSTEM32\VERSION.dll
0x00007ff9c2cf0000 - 0x00007ff9c2d25000 	C:\WINDOWS\SYSTEM32\WINMM.dll
0x00007ff9d2960000 - 0x00007ff9d29d4000 	C:\WINDOWS\System32\WS2_32.dll
0x00007ff9cf520000 - 0x00007ff9cf53b000 	C:\WINDOWS\SYSTEM32\kernel.appcore.dll
0x00007ff9bf800000 - 0x00007ff9bf810000 	C:\Program Files\Java\jdk1.8.0_271\jre\bin\verify.dll
0x00007ff9bf320000 - 0x00007ff9bf34b000 	C:\Program Files\Java\jdk1.8.0_271\jre\bin\java.dll
0x00007ff9bf5f0000 - 0x00007ff9bf608000 	C:\Program Files\Java\jdk1.8.0_271\jre\bin\zip.dll
0x00007ff9d1f20000 - 0x00007ff9d266d000 	C:\WINDOWS\System32\SHELL32.dll
0x00007ff9d1030000 - 0x00007ff9d119c000 	C:\WINDOWS\System32\wintypes.dll
0x00007ff9d1a70000 - 0x00007ff9d1deb000 	C:\WINDOWS\System32\combase.dll
0x00007ff9ce3e0000 - 0x00007ff9cec39000 	C:\WINDOWS\SYSTEM32\windows.storage.dll
0x00007ff9d3470000 - 0x00007ff9d3560000 	C:\WINDOWS\System32\SHCORE.dll
0x00007ff9d32a0000 - 0x00007ff9d3302000 	C:\WINDOWS\System32\shlwapi.dll
0x00007ff9d0660000 - 0x00007ff9d0689000 	C:\WINDOWS\SYSTEM32\profapi.dll
0x00007ff9bda30000 - 0x00007ff9bda61000 	C:\Program Files\DigitalPersona\U.are.U SDK\Windows\Lib\x64\dpuareu_jni.dll
0x00007ff9d2ac0000 - 0x00007ff9d2c58000 	C:\WINDOWS\System32\ole32.dll
0x00007ff96c090000 - 0x00007ff96c0f6000 	C:\WINDOWS\SYSTEM32\dpfj.dll
0x00007ff9d1990000 - 0x00007ff9d1a67000 	C:\WINDOWS\System32\OLEAUT32.dll
0x00007ff989d50000 - 0x00007ff989d92000 	C:\WINDOWS\SYSTEM32\dpfr6.dll
0x00007ff9d0f90000 - 0x00007ff9d1029000 	C:\WINDOWS\System32\bcryptPrimitives.dll
0x00007ff98fec0000 - 0x00007ff98fefd000 	C:\WINDOWS\SYSTEM32\dpfpdd.dll
0x00007ff91bb40000 - 0x00007ff91bbb3000 	C:\WINDOWS\SYSTEM32\nex_sdk.dll
0x00007ff9c8ab0000 - 0x00007ff9c8b5f000 	C:\WINDOWS\SYSTEM32\DPFPApi.DLL
0x00007ff9d0d60000 - 0x00007ff9d0ed7000 	C:\WINDOWS\System32\CRYPT32.dll
0x00007ff9cfb40000 - 0x00007ff9cfb6b000 	C:\WINDOWS\SYSTEM32\USERENV.dll
0x00007ff9c67c0000 - 0x00007ff9c6818000 	C:\WINDOWS\system32\DPCLBACK.dll
0x00007ff9c9ff0000 - 0x00007ff9ca00a000 	C:\WINDOWS\SYSTEM32\NETAPI32.dll
0x00007ff9cef00000 - 0x00007ff9cef0d000 	C:\WINDOWS\SYSTEM32\NETUTILS.DLL
0x00007ff9cf640000 - 0x00007ff9cf676000 	C:\WINDOWS\SYSTEM32\ntmarta.dll
0x00007ff9cfd40000 - 0x00007ff9cfd5b000 	C:\WINDOWS\SYSTEM32\CRYPTSP.dll
0x00007ff9cf480000 - 0x00007ff9cf4bb000 	C:\WINDOWS\system32\rsaenh.dll
0x00007ff9cfd60000 - 0x00007ff9cfd6c000 	C:\WINDOWS\SYSTEM32\CRYPTBASE.dll
0x00007ff96e400000 - 0x00007ff96e434000 	C:\WINDOWS\SYSTEM32\dpfpdd_4k.dll
0x00007ff9c2c40000 - 0x00007ff9c2cef000 	C:\WINDOWS\SYSTEM32\dpDevDatx64.dll
0x00007ff9c2d60000 - 0x00007ff9c2e27000 	C:\WINDOWS\SYSTEM32\dpDevCtlx64.dll
0x00007ff9d1500000 - 0x00007ff9d1987000 	C:\WINDOWS\System32\SETUPAPI.dll
0x00007ff9d02d0000 - 0x00007ff9d0327000 	C:\WINDOWS\SYSTEM32\cfgmgr32.DLL
0x00007ff9cda90000 - 0x00007ff9cdb38000 	C:\WINDOWS\system32\uxtheme.dll
0x00007ff9d13a0000 - 0x00007ff9d14f8000 	C:\WINDOWS\System32\MSCTF.dll
0x00007ff9d02a0000 - 0x00007ff9d02cd000 	C:\WINDOWS\SYSTEM32\DEVOBJ.dll
0x00007ff9d12f0000 - 0x00007ff9d136e000 	C:\WINDOWS\System32\WINTRUST.dll
0x00007ff9cfe70000 - 0x00007ff9cfe83000 	C:\WINDOWS\SYSTEM32\MSASN1.dll
0x00007ff9251b0000 - 0x00007ff925217000 	C:\WINDOWS\SYSTEM32\dpfpdd5000.dll
0x00007ff9a2660000 - 0x00007ff9a268f000 	C:\WINDOWS\SYSTEM32\dpfpdd_ptapi.dll
0x0000000047000000 - 0x000000004710b000 	C:\WINDOWS\SYSTEM32\tfm.dll
0x00007ff9cec40000 - 0x00007ff9cec4f000 	C:\WINDOWS\SYSTEM32\HID.DLL
0x00007ff96cad0000 - 0x00007ff96cb1b000 	C:\WINDOWS\SYSTEM32\dpfpdd7k.dll
0x00007ff9c8bf0000 - 0x00007ff9c8e32000 	C:\WINDOWS\SYSTEM32\dbghelp.dll

VM Arguments:
jvm_args: -Djava.library.path=C:\Program Files\DigitalPersona\U.are.U SDK\Windows\Lib\x64 
java_command: DigitalPersonaWrapper initialize
java_class_path (initial): C:\Program Files\DigitalPersona\U.are.U SDK\Windows\Lib\Java\dpuareu.jar;C:\laragon\www\dtr-Checker-App2\backend\utils
Launcher Type: SUN_STANDARD

Environment Variables:
PATH=C:\laragon\www\dtr-Checker-App2\backend\node_modules\.bin;C:\laragon\www\dtr-Checker-App2\node_modules\.bin;C:\laragon\www\node_modules\.bin;C:\laragon\node_modules\.bin;C:\node_modules\.bin;C:\Users\Owner\AppData\Roaming\npm\node_modules\npm\node_modules\@npmcli\run-script\lib\node-gyp-bin;C:\Program Files (x86)\Common Files\Oracle\Java\javapath;C:\WINDOWS\system32;C:\WINDOWS;C:\WINDOWS\System32\Wbem;C:\WINDOWS\System32\WindowsPowerShell\v1.0\;C:\WINDOWS\System32\OpenSSH\;C:\Program Files\Git\cmd;C:\Program Files\nodejs\;C:\Program Files\Microsoft SQL Server\Client SDK\ODBC\110\Tools\Binn\;C:\Program Files (x86)\Microsoft SQL Server\120\Tools\Binn\;C:\Program Files\Microsoft SQL Server\120\Tools\Binn\;C:\Program Files\Microsoft SQL Server\120\DTS\Binn\;C:\Program Files (x86)\Microsoft SQL Server\120\Tools\Binn\ManagementStudio\;C:\Program Files (x86)\Microsoft SQL Server\120\DTS\Binn\;C:\Program Files\dotnet\;C:\Users\Owner\.config\herd-lite\bin;C:\Users\Owner\AppData\Local\Microsoft\WindowsApps;C:\Users\Owner\AppData\Local\Programs\Microsoft VS Code\bin;C:\Users\Owner\AppData\Roaming\npm;C:\Users\Owner\.dotnet\tools;C:\Users\Owner\AppData\Local\Programs\cursor\resources\app\bin
USERNAME=Owner
OS=Windows_NT
PROCESSOR_IDENTIFIER=Intel64 Family 6 Model 158 Stepping 13, GenuineIntel



---------------  S Y S T E M  ---------------

OS: Windows 10.0 , 64 bit Build 26100 (10.0.26100.5074)

CPU:total 8 (initial active 8) (8 cores per cpu, 1 threads per core) family 6 model 158 stepping 13, cmov, cx8, fxsr, mmx, sse, sse2, sse3, ssse3, sse4.1, sse4.2, popcnt, avx, avx2, aes, clmul, erms, 3dnowpref, lzcnt, tsc, tscinvbit, bmi1, bmi2, adx

Memory: 4k page, physical 33393328k(16803468k free), swap 51219120k(30659536k free)

vm_info: Java HotSpot(TM) 64-Bit Server VM (25.271-b09) for windows-amd64 JRE (1.8.0_271-b09), built on Sep 16 2020 19:14:59 by "" with MS VC++ 15.9 (VS2017)

time: Mon Oct  6 15:08:38 2025
timezone: Malay Peninsula Standard Time
elapsed time: 0.396252 seconds (0d 0h 0m 0s)

